# Logfile created on 2025-11-30 16:47:16 +0100 by logger.rb/v1.5.3
2025-11-30 16:47:16 +0100: Memory Usage (436976K) : Starting running IHP-SG13G2 Klayout DRC runset on /foss/designs/mse-pa1/klayout/inverter.gds
2025-11-30 16:47:16 +0100: Memory Usage (436976K) : Ruby Version for klayout: 3.2.3
2025-11-30 16:47:16 +0100: Memory Usage (438172K) : Loading database to memory is complete.
2025-11-30 16:47:16 +0100: Memory Usage (438172K) : IHP-SG13G2 Klayout DRC runset output at: /foss/designs/mse-pa1/klayout/drc_run_inverter/inverter_inverter_main.lyrdb
2025-11-30 16:47:16 +0100: Memory Usage (438172K) : Evaluate switches.
2025-11-30 16:47:16 +0100: Memory Usage (438172K) : table_name selected  main
2025-11-30 16:47:16 +0100: Memory Usage (438172K) : Klayout will use 1 thread(s)
2025-11-30 16:47:16 +0100: Memory Usage (438172K) : deep mode is enabled for main table.
2025-11-30 16:47:16 +0100: Memory Usage (438172K) : FEOL enabled: true
2025-11-30 16:47:16 +0100: Memory Usage (438172K) : BEOL enabled: true
2025-11-30 16:47:16 +0100: Memory Usage (438172K) : OffGrid enabled: true
2025-11-30 16:47:16 +0100: Memory Usage (438172K) : PreCheck DRC enabled: false
2025-11-30 16:47:16 +0100: Memory Usage (438172K) : CONNECTIVITY_RULES enabled: true for table main
2025-11-30 16:47:16 +0100: Memory Usage (438172K) : Read in polygons from layers.
2025-11-30 16:47:16 +0100: Memory Usage (438968K) : activ_drw has 8 polygons
2025-11-30 16:47:16 +0100: Memory Usage (438968K) : activ_pin has 0 polygons
2025-11-30 16:47:16 +0100: Memory Usage (438968K) : activ_mask has 0 polygons
2025-11-30 16:47:16 +0100: Memory Usage (438968K) : activ_filler has 0 polygons
2025-11-30 16:47:16 +0100: Memory Usage (438968K) : activ_nofill has 0 polygons
2025-11-30 16:47:16 +0100: Memory Usage (438968K) : activ_opc has 0 polygons
2025-11-30 16:47:16 +0100: Memory Usage (438968K) : activ_iopc has 0 polygons
2025-11-30 16:47:16 +0100: Memory Usage (438968K) : activ_noqrc has 0 polygons
2025-11-30 16:47:16 +0100: Memory Usage (438968K) : biwind_drw has 0 polygons
2025-11-30 16:47:16 +0100: Memory Usage (438968K) : biwind_opc has 0 polygons
2025-11-30 16:47:16 +0100: Memory Usage (438968K) : pemwind_drw has 0 polygons
2025-11-30 16:47:16 +0100: Memory Usage (438968K) : gatpoly_drw has 4 polygons
2025-11-30 16:47:16 +0100: Memory Usage (438968K) : gatpoly_pin has 2 polygons
2025-11-30 16:47:16 +0100: Memory Usage (438968K) : gatpoly_filler has 0 polygons
2025-11-30 16:47:16 +0100: Memory Usage (438968K) : gatpoly_nofill has 0 polygons
2025-11-30 16:47:16 +0100: Memory Usage (438968K) : gatpoly_opc has 0 polygons
2025-11-30 16:47:16 +0100: Memory Usage (438968K) : gatpoly_iopc has 0 polygons
2025-11-30 16:47:16 +0100: Memory Usage (438968K) : gatpoly_noqrc has 0 polygons
2025-11-30 16:47:16 +0100: Memory Usage (438968K) : cont_drw has 11 polygons
2025-11-30 16:47:16 +0100: Memory Usage (438968K) : cont_opc has 0 polygons
2025-11-30 16:47:16 +0100: Memory Usage (438968K) : nsd_drw has 0 polygons
2025-11-30 16:47:16 +0100: Memory Usage (438968K) : nsd_block has 0 polygons
2025-11-30 16:47:16 +0100: Memory Usage (439160K) : metal1_drw has 11 polygons
2025-11-30 16:47:16 +0100: Memory Usage (439160K) : metal1_pin has 8 polygons
2025-11-30 16:47:16 +0100: Memory Usage (439160K) : metal1_mask has 0 polygons
2025-11-30 16:47:16 +0100: Memory Usage (439160K) : metal1_filler has 0 polygons
2025-11-30 16:47:16 +0100: Memory Usage (439160K) : metal1_nofill has 0 polygons
2025-11-30 16:47:16 +0100: Memory Usage (439160K) : metal1_slit has 0 polygons
2025-11-30 16:47:16 +0100: Memory Usage (439352K) : metal1_text has 4 polygons
2025-11-30 16:47:16 +0100: Memory Usage (439352K) : metal1_opc has 0 polygons
2025-11-30 16:47:16 +0100: Memory Usage (439352K) : metal1_noqrc has 0 polygons
2025-11-30 16:47:16 +0100: Memory Usage (439352K) : metal1_res has 0 polygons
2025-11-30 16:47:16 +0100: Memory Usage (439544K) : metal1_iprobe has 0 polygons
2025-11-30 16:47:16 +0100: Memory Usage (439544K) : metal1_diffprb has 0 polygons
2025-11-30 16:47:16 +0100: Memory Usage (439544K) : passiv_drw has 0 polygons
2025-11-30 16:47:16 +0100: Memory Usage (439544K) : passiv_pin has 0 polygons
2025-11-30 16:47:16 +0100: Memory Usage (439544K) : passiv_sbump has 0 polygons
2025-11-30 16:47:16 +0100: Memory Usage (439544K) : passiv_pillar has 0 polygons
2025-11-30 16:47:16 +0100: Memory Usage (439544K) : passiv_pdl has 0 polygons
2025-11-30 16:47:16 +0100: Memory Usage (439544K) : metal2_drw has 0 polygons
2025-11-30 16:47:16 +0100: Memory Usage (439736K) : metal2_pin has 0 polygons
2025-11-30 16:47:16 +0100: Memory Usage (439736K) : metal2_mask has 0 polygons
2025-11-30 16:47:16 +0100: Memory Usage (439736K) : metal2_filler has 0 polygons
2025-11-30 16:47:16 +0100: Memory Usage (439736K) : metal2_nofill has 0 polygons
2025-11-30 16:47:16 +0100: Memory Usage (439736K) : metal2_slit has 0 polygons
2025-11-30 16:47:16 +0100: Memory Usage (439928K) : metal2_text has 0 polygons
2025-11-30 16:47:16 +0100: Memory Usage (439928K) : metal2_opc has 0 polygons
2025-11-30 16:47:16 +0100: Memory Usage (439928K) : metal2_noqrc has 0 polygons
2025-11-30 16:47:16 +0100: Memory Usage (439928K) : metal2_res has 0 polygons
2025-11-30 16:47:16 +0100: Memory Usage (439928K) : metal2_iprobe has 0 polygons
2025-11-30 16:47:16 +0100: Memory Usage (440120K) : metal2_diffprb has 0 polygons
2025-11-30 16:47:16 +0100: Memory Usage (440120K) : baspoly_drw has 0 polygons
2025-11-30 16:47:16 +0100: Memory Usage (440120K) : baspoly_pin has 0 polygons
2025-11-30 16:47:16 +0100: Memory Usage (440120K) : psd_drw has 2 polygons
2025-11-30 16:47:16 +0100: Memory Usage (440120K) : nldb_drw has 0 polygons
2025-11-30 16:47:16 +0100: Memory Usage (440312K) : digibnd_drw has 0 polygons
2025-11-30 16:47:16 +0100: Memory Usage (440312K) : via1_drw has 0 polygons
2025-11-30 16:47:16 +0100: Memory Usage (440312K) : backmetal1_drw has 0 polygons
2025-11-30 16:47:16 +0100: Memory Usage (440312K) : backmetal1_pin has 0 polygons
2025-11-30 16:47:16 +0100: Memory Usage (440504K) : backmetal1_mask has 0 polygons
2025-11-30 16:47:16 +0100: Memory Usage (440504K) : backmetal1_filler has 0 polygons
2025-11-30 16:47:16 +0100: Memory Usage (440504K) : backmetal1_nofill has 0 polygons
2025-11-30 16:47:16 +0100: Memory Usage (440696K) : backmetal1_slit has 0 polygons
2025-11-30 16:47:16 +0100: Memory Usage (440696K) : backmetal1_text has 0 polygons
2025-11-30 16:47:16 +0100: Memory Usage (440696K) : backmetal1_opc has 0 polygons
2025-11-30 16:47:16 +0100: Memory Usage (440696K) : backmetal1_noqrc has 0 polygons
2025-11-30 16:47:16 +0100: Memory Usage (440888K) : backmetal1_res has 0 polygons
2025-11-30 16:47:16 +0100: Memory Usage (440888K) : backmetal1_iprobe has 0 polygons
2025-11-30 16:47:16 +0100: Memory Usage (440888K) : backmetal1_diffprb has 0 polygons
2025-11-30 16:47:16 +0100: Memory Usage (440888K) : backpassiv_drw has 0 polygons
2025-11-30 16:47:16 +0100: Memory Usage (440888K) : res_drw has 0 polygons
2025-11-30 16:47:16 +0100: Memory Usage (441080K) : sram_drw has 0 polygons
2025-11-30 16:47:16 +0100: Memory Usage (441080K) : trans_drw has 0 polygons
2025-11-30 16:47:16 +0100: Memory Usage (441080K) : ind_drw has 0 polygons
2025-11-30 16:47:16 +0100: Memory Usage (441080K) : ind_pin has 0 polygons
2025-11-30 16:47:16 +0100: Memory Usage (441272K) : ind_text has 0 polygons
2025-11-30 16:47:16 +0100: Memory Usage (441272K) : salblock_drw has 0 polygons
2025-11-30 16:47:16 +0100: Memory Usage (441272K) : via2_drw has 0 polygons
2025-11-30 16:47:16 +0100: Memory Usage (441272K) : metal3_drw has 0 polygons
2025-11-30 16:47:16 +0100: Memory Usage (441272K) : metal3_pin has 0 polygons
2025-11-30 16:47:16 +0100: Memory Usage (441464K) : metal3_mask has 0 polygons
2025-11-30 16:47:16 +0100: Memory Usage (441464K) : metal3_filler has 0 polygons
2025-11-30 16:47:16 +0100: Memory Usage (441464K) : metal3_nofill has 0 polygons
2025-11-30 16:47:16 +0100: Memory Usage (441656K) : metal3_slit has 0 polygons
2025-11-30 16:47:16 +0100: Memory Usage (441656K) : metal3_text has 0 polygons
2025-11-30 16:47:16 +0100: Memory Usage (441656K) : metal3_opc has 0 polygons
2025-11-30 16:47:16 +0100: Memory Usage (441848K) : metal3_noqrc has 0 polygons
2025-11-30 16:47:16 +0100: Memory Usage (441848K) : metal3_res has 0 polygons
2025-11-30 16:47:16 +0100: Memory Usage (441848K) : metal3_iprobe has 0 polygons
2025-11-30 16:47:16 +0100: Memory Usage (441848K) : metal3_diffprb has 0 polygons
2025-11-30 16:47:16 +0100: Memory Usage (442040K) : nwell_drw has 2 polygons
2025-11-30 16:47:16 +0100: Memory Usage (442040K) : nwell_pin has 0 polygons
2025-11-30 16:47:16 +0100: Memory Usage (442040K) : nbulay_drw has 0 polygons
2025-11-30 16:47:16 +0100: Memory Usage (442040K) : nbulay_pin has 0 polygons
2025-11-30 16:47:16 +0100: Memory Usage (442040K) : nbulay_block has 0 polygons
2025-11-30 16:47:16 +0100: Memory Usage (442232K) : emwind_drw has 0 polygons
2025-11-30 16:47:16 +0100: Memory Usage (442232K) : emwind_opc has 0 polygons
2025-11-30 16:47:16 +0100: Memory Usage (442232K) : deepco_drw has 0 polygons
2025-11-30 16:47:16 +0100: Memory Usage (442424K) : deepco_drw has 0 polygons
2025-11-30 16:47:16 +0100: Memory Usage (442424K) : mim_drw has 0 polygons
2025-11-30 16:47:16 +0100: Memory Usage (442424K) : edgeseal_drw has 0 polygons
2025-11-30 16:47:16 +0100: Memory Usage (442424K) : edgeseal_bound has 0 polygons
2025-11-30 16:47:16 +0100: Memory Usage (442616K) : substrate_drw has 1 polygons
2025-11-30 16:47:16 +0100: Memory Usage (442616K) : substrate_text has 0 polygons
2025-11-30 16:47:16 +0100: Memory Usage (442616K) : dfpad_drw has 0 polygons
2025-11-30 16:47:16 +0100: Memory Usage (442616K) : dfpad_pillar has 0 polygons
2025-11-30 16:47:16 +0100: Memory Usage (442616K) : dfpad_sbump has 0 polygons
2025-11-30 16:47:16 +0100: Memory Usage (442808K) : thickgateox_drw has 3 polygons
2025-11-30 16:47:16 +0100: Memory Usage (442808K) : pldb_drw has 0 polygons
2025-11-30 16:47:16 +0100: Memory Usage (442808K) : pwell_drw has 0 polygons
2025-11-30 16:47:16 +0100: Memory Usage (442808K) : pwell_pin has 0 polygons
2025-11-30 16:47:16 +0100: Memory Usage (443000K) : pwell_block has 0 polygons
2025-11-30 16:47:16 +0100: Memory Usage (443000K) : ic_drw has 0 polygons
2025-11-30 16:47:16 +0100: Memory Usage (443192K) : via3_drw has 0 polygons
2025-11-30 16:47:16 +0100: Memory Usage (443192K) : metal4_drw has 0 polygons
2025-11-30 16:47:16 +0100: Memory Usage (443192K) : metal4_pin has 0 polygons
2025-11-30 16:47:16 +0100: Memory Usage (443384K) : metal4_mask has 0 polygons
2025-11-30 16:47:16 +0100: Memory Usage (443384K) : metal4_filler has 0 polygons
2025-11-30 16:47:16 +0100: Memory Usage (443384K) : metal4_nofill has 0 polygons
2025-11-30 16:47:16 +0100: Memory Usage (443384K) : metal4_slit has 0 polygons
2025-11-30 16:47:16 +0100: Memory Usage (443576K) : metal4_text has 0 polygons
2025-11-30 16:47:16 +0100: Memory Usage (443576K) : metal4_opc has 0 polygons
2025-11-30 16:47:16 +0100: Memory Usage (443576K) : metal4_noqrc has 0 polygons
2025-11-30 16:47:16 +0100: Memory Usage (443576K) : metal4_res has 0 polygons
2025-11-30 16:47:16 +0100: Memory Usage (443768K) : metal4_iprobe has 0 polygons
2025-11-30 16:47:16 +0100: Memory Usage (443768K) : metal4_diffprb has 0 polygons
2025-11-30 16:47:16 +0100: Memory Usage (443768K) : heattrans_drw has 2 polygons
2025-11-30 16:47:16 +0100: Memory Usage (443768K) : heatres_drw has 0 polygons
2025-11-30 16:47:16 +0100: Memory Usage (443768K) : pempoly_drw has 0 polygons
2025-11-30 16:47:16 +0100: Memory Usage (443960K) : fbe_drw has 0 polygons
2025-11-30 16:47:16 +0100: Memory Usage (443960K) : empoly_drw has 0 polygons
2025-11-30 16:47:16 +0100: Memory Usage (443960K) : ldmos_drw has 0 polygons
2025-11-30 16:47:16 +0100: Memory Usage (443960K) : pbiwind_drw has 0 polygons
2025-11-30 16:47:16 +0100: Memory Usage (444152K) : digisub_drw has 0 polygons
2025-11-30 16:47:16 +0100: Memory Usage (444152K) : nodrc_drw has 0 polygons
2025-11-30 16:47:16 +0100: Memory Usage (444152K) : text_drw has 2 polygons
2025-11-30 16:47:16 +0100: Memory Usage (444344K) : via4_drw has 0 polygons
2025-11-30 16:47:16 +0100: Memory Usage (444344K) : metal5_drw has 0 polygons
2025-11-30 16:47:16 +0100: Memory Usage (444344K) : metal5_pin has 0 polygons
2025-11-30 16:47:16 +0100: Memory Usage (444536K) : metal5_mask has 0 polygons
2025-11-30 16:47:16 +0100: Memory Usage (444536K) : metal5_filler has 0 polygons
2025-11-30 16:47:16 +0100: Memory Usage (444536K) : metal5_nofill has 0 polygons
2025-11-30 16:47:16 +0100: Memory Usage (444536K) : metal5_slit has 0 polygons
2025-11-30 16:47:16 +0100: Memory Usage (444536K) : metal5_text has 0 polygons
2025-11-30 16:47:16 +0100: Memory Usage (444728K) : metal5_opc has 0 polygons
2025-11-30 16:47:16 +0100: Memory Usage (444728K) : metal5_noqrc has 0 polygons
2025-11-30 16:47:16 +0100: Memory Usage (444728K) : metal5_res has 0 polygons
2025-11-30 16:47:16 +0100: Memory Usage (444728K) : metal5_iprobe has 0 polygons
2025-11-30 16:47:16 +0100: Memory Usage (444920K) : metal5_diffprb has 0 polygons
2025-11-30 16:47:16 +0100: Memory Usage (444920K) : radhard_drw has 0 polygons
2025-11-30 16:47:16 +0100: Memory Usage (444920K) : memcap_drw has 0 polygons
2025-11-30 16:47:16 +0100: Memory Usage (445112K) : varicap_drw has 0 polygons
2025-11-30 16:47:16 +0100: Memory Usage (445112K) : flash_drw has 0 polygons
2025-11-30 16:47:16 +0100: Memory Usage (445112K) : intbondvia_drw has 0 polygons
2025-11-30 16:47:16 +0100: Memory Usage (445112K) : intbondmet_drw has 0 polygons
2025-11-30 16:47:16 +0100: Memory Usage (445304K) : devbondvia_drw has 0 polygons
2025-11-30 16:47:16 +0100: Memory Usage (445304K) : devbondmet_drw has 0 polygons
2025-11-30 16:47:16 +0100: Memory Usage (445304K) : devtrench_drw has 0 polygons
2025-11-30 16:47:16 +0100: Memory Usage (445304K) : redist_drw has 0 polygons
2025-11-30 16:47:16 +0100: Memory Usage (445304K) : graphbot_drw has 0 polygons
2025-11-30 16:47:16 +0100: Memory Usage (445496K) : graphtop_drw has 0 polygons
2025-11-30 16:47:16 +0100: Memory Usage (445496K) : antvia1_drw has 0 polygons
2025-11-30 16:47:16 +0100: Memory Usage (445496K) : antmetal2_drw has 0 polygons
2025-11-30 16:47:16 +0100: Memory Usage (445496K) : graphcont_drw has 0 polygons
2025-11-30 16:47:16 +0100: Memory Usage (445688K) : siwg_drw has 0 polygons
2025-11-30 16:47:16 +0100: Memory Usage (445688K) : siwg_filler has 0 polygons
2025-11-30 16:47:16 +0100: Memory Usage (445688K) : siwg_nofill has 0 polygons
2025-11-30 16:47:16 +0100: Memory Usage (445880K) : sigrating_drw has 0 polygons
2025-11-30 16:47:16 +0100: Memory Usage (445880K) : singrating_drw has 0 polygons
2025-11-30 16:47:16 +0100: Memory Usage (445880K) : graphpas_drw has 0 polygons
2025-11-30 16:47:16 +0100: Memory Usage (446072K) : emwind3_drw has 0 polygons
2025-11-30 16:47:16 +0100: Memory Usage (446072K) : emwihv3_drw has 0 polygons
2025-11-30 16:47:16 +0100: Memory Usage (446072K) : redbulay_drw has 0 polygons
2025-11-30 16:47:16 +0100: Memory Usage (446072K) : smos_drw has 0 polygons
2025-11-30 16:47:16 +0100: Memory Usage (446264K) : graphpad_drw has 0 polygons
2025-11-30 16:47:16 +0100: Memory Usage (446264K) : polimide_drw has 0 polygons
2025-11-30 16:47:16 +0100: Memory Usage (446264K) : polimide_pin has 0 polygons
2025-11-30 16:47:16 +0100: Memory Usage (446264K) : recog_drw has 0 polygons
2025-11-30 16:47:16 +0100: Memory Usage (446264K) : recog_pin has 0 polygons
2025-11-30 16:47:16 +0100: Memory Usage (446456K) : recog_esd has 0 polygons
2025-11-30 16:47:16 +0100: Memory Usage (446456K) : recog_diode has 0 polygons
2025-11-30 16:47:16 +0100: Memory Usage (446456K) : recog_tsv has 0 polygons
2025-11-30 16:47:16 +0100: Memory Usage (446456K) : recog_iprobe has 0 polygons
2025-11-30 16:47:16 +0100: Memory Usage (446456K) : recog_diffprb has 0 polygons
2025-11-30 16:47:16 +0100: Memory Usage (446648K) : recog_pillar has 0 polygons
2025-11-30 16:47:16 +0100: Memory Usage (446648K) : recog_sbump has 0 polygons
2025-11-30 16:47:16 +0100: Memory Usage (446648K) : recog_otp has 0 polygons
2025-11-30 16:47:16 +0100: Memory Usage (446840K) : recog_pdiode has 0 polygons
2025-11-30 16:47:16 +0100: Memory Usage (446840K) : recog_mom has 0 polygons
2025-11-30 16:47:16 +0100: Memory Usage (446840K) : recog_pcm has 0 polygons
2025-11-30 16:47:16 +0100: Memory Usage (446840K) : colopen_drw has 0 polygons
2025-11-30 16:47:16 +0100: Memory Usage (447032K) : graphmetal1_drw has 0 polygons
2025-11-30 16:47:16 +0100: Memory Usage (447032K) : graphmetal1_filler has 0 polygons
2025-11-30 16:47:16 +0100: Memory Usage (447032K) : graphmetal1_nofill has 0 polygons
2025-11-30 16:47:16 +0100: Memory Usage (447224K) : graphmetal1_slit has 0 polygons
2025-11-30 16:47:16 +0100: Memory Usage (447224K) : graphmetal1_opc has 0 polygons
2025-11-30 16:47:16 +0100: Memory Usage (447224K) : graphmet1l_drw has 0 polygons
2025-11-30 16:47:16 +0100: Memory Usage (447224K) : graphmet1l_filler has 0 polygons
2025-11-30 16:47:16 +0100: Memory Usage (447416K) : graphmet1l_nofill has 0 polygons
2025-11-30 16:47:16 +0100: Memory Usage (447416K) : graphmet1l_slit has 0 polygons
2025-11-30 16:47:16 +0100: Memory Usage (447416K) : graphmet1l_opc has 0 polygons
2025-11-30 16:47:16 +0100: Memory Usage (447416K) : extblock_drw has 0 polygons
2025-11-30 16:47:16 +0100: Memory Usage (447416K) : nldd_drw has 0 polygons
2025-11-30 16:47:16 +0100: Memory Usage (447608K) : pldd_drw has 0 polygons
2025-11-30 16:47:16 +0100: Memory Usage (447608K) : next_drw has 0 polygons
2025-11-30 16:47:16 +0100: Memory Usage (447608K) : pext_drw has 0 polygons
2025-11-30 16:47:16 +0100: Memory Usage (447800K) : nexthv_drw has 0 polygons
2025-11-30 16:47:16 +0100: Memory Usage (447800K) : pexthv_drw has 0 polygons
2025-11-30 16:47:16 +0100: Memory Usage (447800K) : graphgate_drw has 0 polygons
2025-11-30 16:47:16 +0100: Memory Usage (447800K) : sinwg_drw has 0 polygons
2025-11-30 16:47:16 +0100: Memory Usage (447800K) : sinwg_filler has 0 polygons
2025-11-30 16:47:16 +0100: Memory Usage (447800K) : sinwg_nofill has 0 polygons
2025-11-30 16:47:16 +0100: Memory Usage (447800K) : mempad_drw has 0 polygons
2025-11-30 16:47:16 +0100: Memory Usage (447800K) : topvia1_drw has 0 polygons
2025-11-30 16:47:16 +0100: Memory Usage (447800K) : topmetal1_drw has 0 polygons
2025-11-30 16:47:16 +0100: Memory Usage (447800K) : topmetal1_pin has 0 polygons
2025-11-30 16:47:16 +0100: Memory Usage (447800K) : topmetal1_mask has 0 polygons
2025-11-30 16:47:16 +0100: Memory Usage (447992K) : topmetal1_filler has 0 polygons
2025-11-30 16:47:16 +0100: Memory Usage (447992K) : topmetal1_nofill has 0 polygons
2025-11-30 16:47:16 +0100: Memory Usage (447992K) : topmetal1_slit has 0 polygons
2025-11-30 16:47:16 +0100: Memory Usage (447992K) : topmetal1_text has 0 polygons
2025-11-30 16:47:16 +0100: Memory Usage (447992K) : topmetal1_noqrc has 0 polygons
2025-11-30 16:47:16 +0100: Memory Usage (448184K) : topmetal1_res has 0 polygons
2025-11-30 16:47:16 +0100: Memory Usage (448184K) : topmetal1_iprobe has 0 polygons
2025-11-30 16:47:16 +0100: Memory Usage (448184K) : topmetal1_diffprb has 0 polygons
2025-11-30 16:47:16 +0100: Memory Usage (448184K) : inldpwl_drw has 0 polygons
2025-11-30 16:47:16 +0100: Memory Usage (448184K) : polyres_drw has 0 polygons
2025-11-30 16:47:16 +0100: Memory Usage (448376K) : polyres_pin has 0 polygons
2025-11-30 16:47:16 +0100: Memory Usage (448376K) : vmim_drw has 0 polygons
2025-11-30 16:47:16 +0100: Memory Usage (448376K) : nbulaycut_drw has 0 polygons
2025-11-30 16:47:16 +0100: Memory Usage (448376K) : antmetal1_drw has 0 polygons
2025-11-30 16:47:16 +0100: Memory Usage (448376K) : topvia2_drw has 0 polygons
2025-11-30 16:47:16 +0100: Memory Usage (448568K) : topmetal2_drw has 0 polygons
2025-11-30 16:47:16 +0100: Memory Usage (448568K) : topmetal2_pin has 0 polygons
2025-11-30 16:47:16 +0100: Memory Usage (448568K) : topmetal2_mask has 0 polygons
2025-11-30 16:47:16 +0100: Memory Usage (448568K) : topmetal2_filler has 0 polygons
2025-11-30 16:47:16 +0100: Memory Usage (448568K) : topmetal2_nofill has 0 polygons
2025-11-30 16:47:16 +0100: Memory Usage (448760K) : topmetal2_slit has 0 polygons
2025-11-30 16:47:16 +0100: Memory Usage (448760K) : topmetal2_text has 0 polygons
2025-11-30 16:47:16 +0100: Memory Usage (448760K) : topmetal2_noqrc has 0 polygons
2025-11-30 16:47:16 +0100: Memory Usage (448760K) : topmetal2_res has 0 polygons
2025-11-30 16:47:16 +0100: Memory Usage (448952K) : topmetal2_iprobe has 0 polygons
2025-11-30 16:47:16 +0100: Memory Usage (448952K) : topmetal2_diffprb has 0 polygons
2025-11-30 16:47:16 +0100: Memory Usage (448952K) : snsring_drw has 0 polygons
2025-11-30 16:47:16 +0100: Memory Usage (448952K) : sensor_drw has 0 polygons
2025-11-30 16:47:16 +0100: Memory Usage (448952K) : snsarms_drw has 0 polygons
2025-11-30 16:47:16 +0100: Memory Usage (449144K) : snscmosvia_drw has 0 polygons
2025-11-30 16:47:16 +0100: Memory Usage (449144K) : colwind_drw has 0 polygons
2025-11-30 16:47:16 +0100: Memory Usage (449144K) : flm_drw has 0 polygons
2025-11-30 16:47:16 +0100: Memory Usage (449144K) : hafniumox_drw has 0 polygons
2025-11-30 16:47:16 +0100: Memory Usage (449336K) : memvia_drw has 0 polygons
2025-11-30 16:47:16 +0100: Memory Usage (449336K) : thinfilmres_drw has 0 polygons
2025-11-30 16:47:16 +0100: Memory Usage (449336K) : rfmem_drw has 0 polygons
2025-11-30 16:47:16 +0100: Memory Usage (449336K) : norcx_drw has 0 polygons
2025-11-30 16:47:16 +0100: Memory Usage (449336K) : norcx_m2m3 has 0 polygons
2025-11-30 16:47:16 +0100: Memory Usage (449528K) : norcx_m2m4 has 0 polygons
2025-11-30 16:47:16 +0100: Memory Usage (449528K) : norcx_m2m5 has 0 polygons
2025-11-30 16:47:16 +0100: Memory Usage (449528K) : norcx_m2tm1 has 0 polygons
2025-11-30 16:47:16 +0100: Memory Usage (449528K) : norcx_m2tm2 has 0 polygons
2025-11-30 16:47:16 +0100: Memory Usage (449528K) : norcx_m3m4 has 0 polygons
2025-11-30 16:47:16 +0100: Memory Usage (449720K) : norcx_m3m5 has 0 polygons
2025-11-30 16:47:16 +0100: Memory Usage (449720K) : norcx_m3tm1 has 0 polygons
2025-11-30 16:47:16 +0100: Memory Usage (449720K) : norcx_m3tm2 has 0 polygons
2025-11-30 16:47:16 +0100: Memory Usage (449720K) : norcx_m4m5 has 0 polygons
2025-11-30 16:47:16 +0100: Memory Usage (449720K) : norcx_m4tm1 has 0 polygons
2025-11-30 16:47:16 +0100: Memory Usage (449912K) : norcx_m4tm2 has 0 polygons
2025-11-30 16:47:16 +0100: Memory Usage (449912K) : norcx_m5tm1 has 0 polygons
2025-11-30 16:47:16 +0100: Memory Usage (449912K) : norcx_m5tm2 has 0 polygons
2025-11-30 16:47:16 +0100: Memory Usage (449912K) : norcx_tm1tm2 has 0 polygons
2025-11-30 16:47:16 +0100: Memory Usage (449912K) : norcx_m1sub has 0 polygons
2025-11-30 16:47:16 +0100: Memory Usage (450104K) : norcx_m2sub has 0 polygons
2025-11-30 16:47:16 +0100: Memory Usage (450104K) : norcx_m3sub has 0 polygons
2025-11-30 16:47:16 +0100: Memory Usage (450104K) : norcx_m4sub has 0 polygons
2025-11-30 16:47:16 +0100: Memory Usage (450104K) : norcx_m5sub has 0 polygons
2025-11-30 16:47:16 +0100: Memory Usage (450104K) : norcx_tm1sub has 0 polygons
2025-11-30 16:47:16 +0100: Memory Usage (450296K) : norcx_tm2sub has 0 polygons
2025-11-30 16:47:16 +0100: Memory Usage (450296K) : snsbotvia_drw has 0 polygons
2025-11-30 16:47:16 +0100: Memory Usage (450296K) : snstopvia_drw has 0 polygons
2025-11-30 16:47:16 +0100: Memory Usage (450296K) : deepvia_drw has 0 polygons
2025-11-30 16:47:16 +0100: Memory Usage (450488K) : fgetch_drw has 0 polygons
2025-11-30 16:47:16 +0100: Memory Usage (450488K) : ctrgat_drw has 0 polygons
2025-11-30 16:47:16 +0100: Memory Usage (450488K) : fgimp_drw has 0 polygons
2025-11-30 16:47:16 +0100: Memory Usage (450488K) : emwihv_drw has 0 polygons
2025-11-30 16:47:16 +0100: Memory Usage (450488K) : lbe_drw has 0 polygons
2025-11-30 16:47:16 +0100: Memory Usage (450680K) : alcustop_drw has 0 polygons
2025-11-30 16:47:16 +0100: Memory Usage (450680K) : nometfiller_drw has 0 polygons
2025-11-30 16:47:16 +0100: Memory Usage (450680K) : prboundary_drw has 0 polygons
2025-11-30 16:47:16 +0100: Memory Usage (450680K) : exchange0_drw has 0 polygons
2025-11-30 16:47:16 +0100: Memory Usage (450872K) : exchange0_pin has 0 polygons
2025-11-30 16:47:16 +0100: Memory Usage (450872K) : exchange0_text has 0 polygons
2025-11-30 16:47:16 +0100: Memory Usage (450872K) : exchange1_drw has 0 polygons
2025-11-30 16:47:16 +0100: Memory Usage (450872K) : exchange1_pin has 0 polygons
2025-11-30 16:47:16 +0100: Memory Usage (450872K) : exchange1_text has 0 polygons
2025-11-30 16:47:16 +0100: Memory Usage (450872K) : exchange2_drw has 0 polygons
2025-11-30 16:47:16 +0100: Memory Usage (450872K) : exchange2_pin has 0 polygons
2025-11-30 16:47:16 +0100: Memory Usage (451064K) : exchange2_text has 0 polygons
2025-11-30 16:47:16 +0100: Memory Usage (451064K) : exchange3_drw has 0 polygons
2025-11-30 16:47:16 +0100: Memory Usage (451064K) : exchange3_pin has 0 polygons
2025-11-30 16:47:16 +0100: Memory Usage (451064K) : exchange3_text has 0 polygons
2025-11-30 16:47:16 +0100: Memory Usage (451064K) : exchange4_drw has 0 polygons
2025-11-30 16:47:16 +0100: Memory Usage (451256K) : exchange4_pin has 0 polygons
2025-11-30 16:47:16 +0100: Memory Usage (451256K) : exchange4_text has 0 polygons
2025-11-30 16:47:16 +0100: Memory Usage (451256K) : isonwell_drw has 0 polygons
2025-11-30 16:47:16 +0100: Memory Usage (451256K) : Total no. of polygons in the design is 60
2025-11-30 16:47:16 +0100: Memory Usage (451256K) : Loaded TECH DRC rules values from /foss/pdks/ihp-sg13g2/libs.tech/klayout/python/sg13g2_pycell_lib/sg13g2_tech_mod.json
2025-11-30 16:47:16 +0100: Memory Usage (451256K) : Loaded default DRC rules values from /foss/pdks/ihp-sg13g2/libs.tech/klayout/tech/drc/rule_decks/sg13g2_tech_default.json
2025-11-30 16:47:16 +0100: Memory Usage (451256K) : The following rules values were missing in tech json and default values were used:
2025-11-30 16:47:16 +0100: Memory Usage (451256K) :   - Cnt_c_digibnd
2025-11-30 16:47:16 +0100: Memory Usage (452600K) : Total area of the design is 17.4432 um^2.
2025-11-30 16:47:16 +0100: Memory Usage (452600K) : The design dimensions are 2.37 µm * 7.359999999999999 µm.
2025-11-30 16:47:16 +0100: Memory Usage (452600K) : Starting general IHP-SG13G2 derivations.
2025-11-30 16:47:16 +0100: Memory Usage (452600K) : Starting Pwell derivations
2025-11-30 16:47:16 +0100: Memory Usage (454992K) : Starting n-Activ derivations
2025-11-30 16:47:16 +0100: Memory Usage (455184K) : Starting p-Activ derivations
2025-11-30 16:47:16 +0100: Memory Usage (455184K) : Starting ptap derivations
2025-11-30 16:47:16 +0100: Memory Usage (455376K) : Starting ntap derivations
2025-11-30 16:47:16 +0100: Memory Usage (455376K) : Starting pact FET derivations
2025-11-30 16:47:16 +0100: Memory Usage (455376K) : Starting nact FET derivations
2025-11-30 16:47:16 +0100: Memory Usage (455376K) : Starting Gate derivations
2025-11-30 16:47:16 +0100: Memory Usage (455376K) : Starting cont/contbar general derivations
2025-11-30 16:47:16 +0100: Memory Usage (455376K) : Starting pad general derivations
2025-11-30 16:47:16 +0100: Memory Usage (455760K) : Starting IHP-SG13G2 DRC connectivity related derivations.
2025-11-30 16:47:16 +0100: Memory Usage (456528K) : Starting IHP-SG13G2 DRC connectivity setup
2025-11-30 16:47:16 +0100: Memory Usage (456912K) : Starting IHP-SG13G2 DRC rules.
2025-11-30 16:47:16 +0100: Memory Usage (456912K) : Running all FEOL rules
2025-11-30 16:47:16 +0100: Memory Usage (456912K) : Running all BEOL rules
2025-11-30 16:47:16 +0100: Memory Usage (456912K) : Starting 3.2. FORBIDDEN table
2025-11-30 16:47:16 +0100: Memory Usage (456912K) : Executing rule forbidden.biwind
2025-11-30 16:47:16 +0100: Memory Usage (456912K) : Executing rule forbidden.pemwind
2025-11-30 16:47:16 +0100: Memory Usage (456912K) : Executing rule forbidden.baspoly
2025-11-30 16:47:16 +0100: Memory Usage (457104K) : Executing rule forbidden.deepco
2025-11-30 16:47:16 +0100: Memory Usage (457104K) : Executing rule forbidden.pempoly
2025-11-30 16:47:16 +0100: Memory Usage (457104K) : Executing rule forbidden.empoly
2025-11-30 16:47:16 +0100: Memory Usage (457104K) : Executing rule forbidden.ldmos
2025-11-30 16:47:16 +0100: Memory Usage (457104K) : Executing rule forbidden.pbiwind
2025-11-30 16:47:16 +0100: Memory Usage (457296K) : Executing rule forbidden.nodrc
2025-11-30 16:47:16 +0100: Memory Usage (457296K) : Executing rule forbidden.flash
2025-11-30 16:47:16 +0100: Memory Usage (457296K) : Executing rule forbidden.colwind
2025-11-30 16:47:16 +0100: Memory Usage (457296K) : Starting 5.1 NWell table
2025-11-30 16:47:16 +0100: Memory Usage (457296K) : Executing rule NW.b
2025-11-30 16:47:16 +0100: Memory Usage (457904K) : Executing rule NW.b1
2025-11-30 16:47:16 +0100: Memory Usage (457904K) : Starting 5.2 PWell:block
2025-11-30 16:47:16 +0100: Memory Usage (457904K) : Executing rule PWB.e
2025-11-30 16:47:16 +0100: Memory Usage (458096K) : Executing rule PWB.e1
2025-11-30 16:47:16 +0100: Memory Usage (458288K) : Executing rule PWB.f
2025-11-30 16:47:16 +0100: Memory Usage (458288K) : Executing rule PWB.f1
2025-11-30 16:47:16 +0100: Memory Usage (458864K) : Starting 5.3 nBuLay table
2025-11-30 16:47:16 +0100: Memory Usage (458864K) : Executing rule NBL.b
2025-11-30 16:47:16 +0100: Memory Usage (458864K) : Executing rule NBL.c
2025-11-30 16:47:16 +0100: Memory Usage (458864K) : Executing rule NBL.d
2025-11-30 16:47:16 +0100: Memory Usage (458864K) : Executing rule NBL.e
2025-11-30 16:47:16 +0100: Memory Usage (458864K) : Executing rule NBL.f
2025-11-30 16:47:16 +0100: Memory Usage (458864K) : Starting 5.5. Activ table
2025-11-30 16:47:16 +0100: Memory Usage (458864K) : Executing rule Act.a
2025-11-30 16:47:16 +0100: Memory Usage (458864K) : Executing rule Act.b
2025-11-30 16:47:16 +0100: Memory Usage (459056K) : Starting 5.6 Activ:filler table
2025-11-30 16:47:16 +0100: Memory Usage (459056K) : Executing rule AFil.c1
2025-11-30 16:47:16 +0100: Memory Usage (459056K) : Executing rule AFil.c
2025-11-30 16:47:16 +0100: Memory Usage (459056K) : Executing rule AFil.d
2025-11-30 16:47:16 +0100: Memory Usage (459056K) : Executing rule AFil.e
2025-11-30 16:47:16 +0100: Memory Usage (459056K) : Executing rule AFil.j
2025-11-30 16:47:16 +0100: Memory Usage (459056K) : Starting 5.7. ThickGateOx table
2025-11-30 16:47:16 +0100: Memory Usage (459056K) : Executing rule TGO.f
2025-11-30 16:47:16 +0100: Memory Usage (459056K) : Starting 5.8. GatPoly table
2025-11-30 16:47:16 +0100: Memory Usage (459056K) : Executing rule Gat.a
2025-11-30 16:47:16 +0100: Memory Usage (459056K) : Executing rule Gat.b
2025-11-30 16:47:16 +0100: Memory Usage (459056K) : Executing rule Gat.d
2025-11-30 16:47:16 +0100: Memory Usage (459056K) : Executing rule Gat.a1
2025-11-30 16:47:16 +0100: Memory Usage (459440K) : Executing rule Gat.a2
2025-11-30 16:47:16 +0100: Memory Usage (459440K) : Executing rule Gat.g
2025-11-30 16:47:16 +0100: Memory Usage (459440K) : Starting 5.9 GatPoly:filler
2025-11-30 16:47:16 +0100: Memory Usage (459440K) : Executing rule GFil.d
2025-11-30 16:47:16 +0100: Memory Usage (459440K) : Executing rule GFil.e
2025-11-30 16:47:16 +0100: Memory Usage (459440K) : Executing rule GFil.i
2025-11-30 16:47:16 +0100: Memory Usage (459440K) : Starting 5.10 pSD table
2025-11-30 16:47:16 +0100: Memory Usage (459440K) : Executing rule pSD.c1
2025-11-30 16:47:16 +0100: Memory Usage (459440K) : Starting 5.14. Cont table
2025-11-30 16:47:16 +0100: Memory Usage (459440K) : Executing rule Cnt.a
2025-11-30 16:47:16 +0100: Memory Usage (459440K) : Executing rule Cnt.b
2025-11-30 16:47:16 +0100: Memory Usage (459440K) : Executing rule Cnt.c
2025-11-30 16:47:16 +0100: Memory Usage (459440K) : Executing rule Cnt.c
2025-11-30 16:47:16 +0100: Memory Usage (459440K) : Executing rule Cnt.d
2025-11-30 16:47:16 +0100: Memory Usage (459440K) : Executing rule Cnt.e
2025-11-30 16:47:16 +0100: Memory Usage (459440K) : Executing rule Cnt.g1
2025-11-30 16:47:16 +0100: Memory Usage (459440K) : Executing rule Cnt.g2
2025-11-30 16:47:16 +0100: Memory Usage (459440K) : Starting 5.15. ContBar table
2025-11-30 16:47:16 +0100: Memory Usage (459440K) : Executing rule CntB.b1
2025-11-30 16:47:16 +0100: Memory Usage (459440K) : Executing rule CntB.h1
2025-11-30 16:47:16 +0100: Memory Usage (459440K) : Starting 5.16. Metal1 table
2025-11-30 16:47:16 +0100: Memory Usage (459440K) : Executing rule M1.a
2025-11-30 16:47:16 +0100: Memory Usage (459440K) : Executing rule M1.b
2025-11-30 16:47:16 +0100: Memory Usage (459440K) : Executing rule M1.e
2025-11-30 16:47:16 +0100: Memory Usage (459440K) : Executing rule M1.f
2025-11-30 16:47:16 +0100: Memory Usage (459440K) : Executing rule M1.g
2025-11-30 16:47:16 +0100: Memory Usage (459440K) : Executing rule M1.i
2025-11-30 16:47:16 +0100: Memory Usage (459440K) : Starting 5.17 Metaln table
2025-11-30 16:47:16 +0100: Memory Usage (459440K) : Executing rule M2.a
2025-11-30 16:47:16 +0100: Memory Usage (459440K) : Executing rule M2.b
2025-11-30 16:47:16 +0100: Memory Usage (459440K) : Executing rule M2.e
2025-11-30 16:47:16 +0100: Memory Usage (459440K) : Executing rule M2.f
2025-11-30 16:47:16 +0100: Memory Usage (459440K) : Executing rule M2.g
2025-11-30 16:47:16 +0100: Memory Usage (459440K) : Executing rule M2.i
2025-11-30 16:47:16 +0100: Memory Usage (459440K) : Executing rule M3.a
2025-11-30 16:47:16 +0100: Memory Usage (459440K) : Executing rule M3.b
2025-11-30 16:47:16 +0100: Memory Usage (459440K) : Executing rule M3.e
2025-11-30 16:47:16 +0100: Memory Usage (459440K) : Executing rule M3.f
2025-11-30 16:47:16 +0100: Memory Usage (459440K) : Executing rule M3.g
2025-11-30 16:47:16 +0100: Memory Usage (459440K) : Executing rule M3.i
2025-11-30 16:47:16 +0100: Memory Usage (459440K) : Executing rule M4.a
2025-11-30 16:47:16 +0100: Memory Usage (459440K) : Executing rule M4.b
2025-11-30 16:47:16 +0100: Memory Usage (459440K) : Executing rule M4.e
2025-11-30 16:47:16 +0100: Memory Usage (459440K) : Executing rule M4.f
2025-11-30 16:47:16 +0100: Memory Usage (459440K) : Executing rule M4.g
2025-11-30 16:47:16 +0100: Memory Usage (459440K) : Executing rule M4.i
2025-11-30 16:47:16 +0100: Memory Usage (459632K) : Executing rule M5.a
2025-11-30 16:47:16 +0100: Memory Usage (459632K) : Executing rule M5.b
2025-11-30 16:47:16 +0100: Memory Usage (459632K) : Executing rule M5.e
2025-11-30 16:47:16 +0100: Memory Usage (459824K) : Executing rule M5.f
2025-11-30 16:47:16 +0100: Memory Usage (460016K) : Executing rule M5.g
2025-11-30 16:47:16 +0100: Memory Usage (460208K) : Executing rule M5.i
2025-11-30 16:47:16 +0100: Memory Usage (460400K) : Starting 5.18 Metaln:filler table
2025-11-30 16:47:16 +0100: Memory Usage (460400K) : Executing rule M1Fil.c
2025-11-30 16:47:16 +0100: Memory Usage (460400K) : Executing rule M1Fil.a2
2025-11-30 16:47:16 +0100: Memory Usage (460592K) : Executing rule M2Fil.c
2025-11-30 16:47:16 +0100: Memory Usage (460592K) : Executing rule M2Fil.a2
2025-11-30 16:47:16 +0100: Memory Usage (460784K) : Executing rule M3Fil.c
2025-11-30 16:47:16 +0100: Memory Usage (460784K) : Executing rule M3Fil.a2
2025-11-30 16:47:16 +0100: Memory Usage (460976K) : Executing rule M4Fil.c
2025-11-30 16:47:16 +0100: Memory Usage (460976K) : Executing rule M4Fil.a2
2025-11-30 16:47:16 +0100: Memory Usage (461168K) : Executing rule M5Fil.c
2025-11-30 16:47:16 +0100: Memory Usage (461168K) : Executing rule M5Fil.a2
2025-11-30 16:47:16 +0100: Memory Usage (461360K) : Starting 5.19. Via1 table
2025-11-30 16:47:16 +0100: Memory Usage (461360K) : Starting 5.19. Via1 table derivations
2025-11-30 16:47:16 +0100: Memory Usage (461360K) : Executing rule V1.a
2025-11-30 16:47:16 +0100: Memory Usage (461552K) : Executing rule V1.b
2025-11-30 16:47:16 +0100: Memory Usage (461552K) : Executing rule V1.c
2025-11-30 16:47:16 +0100: Memory Usage (461744K) : Starting 5.20. Vian table
2025-11-30 16:47:16 +0100: Memory Usage (461936K) : Executing rule V2.a
2025-11-30 16:47:16 +0100: Memory Usage (461936K) : Executing rule V2.b
2025-11-30 16:47:16 +0100: Memory Usage (462128K) : Executing rule V2.c
2025-11-30 16:47:16 +0100: Memory Usage (462320K) : Executing rule V3.a
2025-11-30 16:47:16 +0100: Memory Usage (462512K) : Executing rule V3.b
2025-11-30 16:47:16 +0100: Memory Usage (462512K) : Executing rule V3.c
2025-11-30 16:47:16 +0100: Memory Usage (462704K) : Executing rule V4.a
2025-11-30 16:47:16 +0100: Memory Usage (462896K) : Executing rule V4.b
2025-11-30 16:47:16 +0100: Memory Usage (463088K) : Executing rule V4.c
2025-11-30 16:47:16 +0100: Memory Usage (463088K) : Starting 5.21. TopVia1 table
2025-11-30 16:47:16 +0100: Memory Usage (463280K) : Executing rule TV1.a
2025-11-30 16:47:16 +0100: Memory Usage (463280K) : Executing rule TV1.b
2025-11-30 16:47:16 +0100: Memory Usage (463472K) : Executing rule TV1.c
2025-11-30 16:47:16 +0100: Memory Usage (463664K) : Executing rule TV1.d
2025-11-30 16:47:16 +0100: Memory Usage (463664K) : Starting 5.22. TopMetal1 table
2025-11-30 16:47:16 +0100: Memory Usage (463664K) : Executing rule TM1.a
2025-11-30 16:47:16 +0100: Memory Usage (463856K) : Executing rule TM1.b
2025-11-30 16:47:16 +0100: Memory Usage (463856K) : Starting 5.23 TopMetal1:filler table
2025-11-30 16:47:16 +0100: Memory Usage (463856K) : Executing rule TM1Fil.c
2025-11-30 16:47:16 +0100: Memory Usage (464048K) : Executing rule TM1Fil.a1
2025-11-30 16:47:16 +0100: Memory Usage (464048K) : Starting 5.24. TopVia2 table
2025-11-30 16:47:16 +0100: Memory Usage (464240K) : Executing rule TV2.a
2025-11-30 16:47:16 +0100: Memory Usage (464240K) : Executing rule TV2.b
2025-11-30 16:47:16 +0100: Memory Usage (464624K) : Executing rule TV2.c
2025-11-30 16:47:16 +0100: Memory Usage (464624K) : Executing rule TV2.d
2025-11-30 16:47:16 +0100: Memory Usage (464816K) : Starting 5.25. TopMetal2 table
2025-11-30 16:47:16 +0100: Memory Usage (464816K) : Executing rule TM2.a
2025-11-30 16:47:16 +0100: Memory Usage (464816K) : Executing rule TM2.b
2025-11-30 16:47:16 +0100: Memory Usage (465008K) : Executing rule TM2.bR
2025-11-30 16:47:16 +0100: Memory Usage (465200K) : Starting 5.26 TopMetal2:filler table
2025-11-30 16:47:16 +0100: Memory Usage (465200K) : Executing rule TM2Fil.c
2025-11-30 16:47:16 +0100: Memory Usage (465200K) : Executing rule TM2Fil.a1
2025-11-30 16:47:16 +0100: Memory Usage (465392K) : Starting 5.27. Passiv table
2025-11-30 16:47:16 +0100: Memory Usage (465392K) : Executing rule Pas.a
2025-11-30 16:47:16 +0100: Memory Usage (465392K) : Executing rule Pas.b
2025-11-30 16:47:16 +0100: Memory Usage (465584K) : Executing rule Pas.c
2025-11-30 16:47:16 +0100: Memory Usage (465968K) : Starting 6.1.3 NPN Substrate-Tie table
2025-11-30 16:47:16 +0100: Memory Usage (465968K) : Executing rule npn13G2.bR 
2025-11-30 16:47:16 +0100: Memory Usage (465968K) : Executing rule npn13G2L.cR 
2025-11-30 16:47:16 +0100: Memory Usage (465968K) : Executing rule npn13G2V.cR 
2025-11-30 16:47:16 +0100: Memory Usage (465968K) : Starting 6.7 Schottky diode table
2025-11-30 16:47:16 +0100: Memory Usage (465968K) : Executing rule Sdiod.d
2025-11-30 16:47:16 +0100: Memory Usage (465968K) : Executing rule Sdiod.e
2025-11-30 16:47:16 +0100: Memory Usage (465968K) : Starting 6.9.2 Copper Pillar table
2025-11-30 16:47:16 +0100: Memory Usage (465968K) : Executing rule Padc.a
2025-11-30 16:47:16 +0100: Memory Usage (465968K) : Executing rule Padc.b
2025-11-30 16:47:16 +0100: Memory Usage (465968K) : Executing rule Padc.c
2025-11-30 16:47:16 +0100: Memory Usage (465968K) : Executing rule Padb.f
2025-11-30 16:47:16 +0100: Memory Usage (465968K) : Starting 6.9 Pad table
2025-11-30 16:47:16 +0100: Memory Usage (465968K) : Executing rule Pad.m
2025-11-30 16:47:16 +0100: Memory Usage (465968K) : Executing rule Pad.fR_M1
2025-11-30 16:47:16 +0100: Memory Usage (465968K) : Executing rule Pad.fR_M2
2025-11-30 16:47:16 +0100: Memory Usage (465968K) : Executing rule Pad.fR_M3
2025-11-30 16:47:16 +0100: Memory Usage (465968K) : Executing rule Pad.fR_M4
2025-11-30 16:47:16 +0100: Memory Usage (465968K) : Executing rule Pad.fR_M5
2025-11-30 16:47:16 +0100: Memory Usage (465968K) : Executing rule Pad.fR_TM1
2025-11-30 16:47:16 +0100: Memory Usage (465968K) : Executing rule Pad.fR_TM2
2025-11-30 16:47:16 +0100: Memory Usage (465968K) : Executing rule Pad.i
2025-11-30 16:47:16 +0100: Memory Usage (465968K) : Starting 6.9.1 Solder Bump
2025-11-30 16:47:16 +0100: Memory Usage (465968K) : Executing rule Padb.a
2025-11-30 16:47:16 +0100: Memory Usage (465968K) : Executing rule Padb.b
2025-11-30 16:47:16 +0100: Memory Usage (465968K) : Executing rule Padb.c
2025-11-30 16:47:16 +0100: Memory Usage (465968K) : Executing rule Padb.f
2025-11-30 16:47:16 +0100: Memory Usage (465968K) : Executing rule Padb.d
2025-11-30 16:47:16 +0100: Memory Usage (465968K) : Starting 6.10 Sealring table
2025-11-30 16:47:16 +0100: Memory Usage (465968K) : Executing rule Seal.l
2025-11-30 16:47:16 +0100: Memory Usage (465968K) : Executing rule Seal.n
2025-11-30 16:47:16 +0100: Memory Usage (465968K) : Executing rule seal.b_metal1
2025-11-30 16:47:16 +0100: Memory Usage (465968K) : Executing rule seal.b_metal2
2025-11-30 16:47:16 +0100: Memory Usage (465968K) : Executing rule seal.b_metal3
2025-11-30 16:47:16 +0100: Memory Usage (465968K) : Executing rule seal.b_metal4
2025-11-30 16:47:16 +0100: Memory Usage (465968K) : Executing rule seal.b_metal5
2025-11-30 16:47:16 +0100: Memory Usage (465968K) : Executing rule seal.b_topmetal1
2025-11-30 16:47:16 +0100: Memory Usage (465968K) : Executing rule seal.b_topmetal2
2025-11-30 16:47:16 +0100: Memory Usage (465968K) : Executing rule seal.b_activ
2025-11-30 16:47:16 +0100: Memory Usage (465968K) : Executing rule seal.b_psd
2025-11-30 16:47:16 +0100: Memory Usage (465968K) : Executing rule Seal.k
2025-11-30 16:47:16 +0100: Memory Usage (465968K) : Executing rule Seal.m
2025-11-30 16:47:16 +0100: Memory Usage (465968K) : Starting 6.11 MIM table
2025-11-30 16:47:16 +0100: Memory Usage (465968K) : Executing rule MIM.c
2025-11-30 16:47:16 +0100: Memory Usage (465968K) : Executing rule MIM.d
2025-11-30 16:47:16 +0100: Memory Usage (465968K) : Executing rule MIM.gR
2025-11-30 16:47:16 +0100: Memory Usage (465968K) : Starting 7.2 Latch-up table
2025-11-30 16:47:16 +0100: Memory Usage (465968K) : Executing rule LU.b
2025-11-30 16:47:16 +0100: Memory Usage (465968K) : Starting 7.3 Metal Slits table
2025-11-30 16:47:16 +0100: Memory Usage (465968K) : Executing rule Slt.e1_M1
2025-11-30 16:47:16 +0100: Memory Usage (465968K) : Executing rule Slt.e1_M2
2025-11-30 16:47:16 +0100: Memory Usage (465968K) : Executing rule Slt.e1_M3
2025-11-30 16:47:16 +0100: Memory Usage (465968K) : Executing rule Slt.e1_M4
2025-11-30 16:47:16 +0100: Memory Usage (465968K) : Executing rule Slt.e1_M5
2025-11-30 16:47:16 +0100: Memory Usage (465968K) : Executing rule Slt.e1_TM1
2025-11-30 16:47:16 +0100: Memory Usage (465968K) : Executing rule Slt.e1_TM2
2025-11-30 16:47:16 +0100: Memory Usage (465968K) : Starting 7.4. PIN table
2025-11-30 16:47:16 +0100: Memory Usage (465968K) : Executing rule Pin.a
2025-11-30 16:47:16 +0100: Memory Usage (465968K) : Executing rule Pin.b
2025-11-30 16:47:16 +0100: Memory Usage (465968K) : Executing rule Pin.e
2025-11-30 16:47:16 +0100: Memory Usage (465968K) : Executing rule Pin.f_M2
2025-11-30 16:47:16 +0100: Memory Usage (465968K) : Executing rule Pin.f_M3
2025-11-30 16:47:16 +0100: Memory Usage (465968K) : Executing rule Pin.f_M4
2025-11-30 16:47:16 +0100: Memory Usage (465968K) : Executing rule Pin.f_M5
2025-11-30 16:47:16 +0100: Memory Usage (465968K) : Executing rule Pin.g
2025-11-30 16:47:16 +0100: Memory Usage (465968K) : Executing rule Pin.h
2025-11-30 16:47:16 +0100: Memory Usage (465968K) : Starting 9.1. LBE table
2025-11-30 16:47:16 +0100: Memory Usage (465968K) : Executing rule LBE.a
2025-11-30 16:47:16 +0100: Memory Usage (465968K) : Executing rule LBE.b
2025-11-30 16:47:16 +0100: Memory Usage (465968K) : Executing rule LBE.b1
2025-11-30 16:47:16 +0100: Memory Usage (465968K) : Executing rule LBE.c
2025-11-30 16:47:16 +0100: Memory Usage (465968K) : Executing rule LBE.d
2025-11-30 16:47:16 +0100: Memory Usage (465968K) : Executing rule LBE.h
2025-11-30 16:47:16 +0100: Memory Usage (465968K) : KLayout DRC run for table 'main' completed in 0.67 seconds
